<?xml version="1.0" encoding="UTF-8"?>
<!-- Generated by org.testng.reporters.JUnitReportReporter -->
<testsuite skipped="0" hostname="DESKTOP-OO3PNTG" name="Tclsmethds" tests="9" failures="0" timestamp="22 Jul 2021 02:36:54 GMT" time="0.035" errors="0">
  <testcase name="methdA" time="0.002" classname="Tclsmethds"/>
  <testcase name="methdA" time="0.005" classname="Tclsmethds"/>
  <testcase name="methdD" time="0.002" classname="Tclsmethds"/>
  <testcase name="methdE" time="0.002" classname="Tclsmethds"/>
  <testcase name="methdA" time="0.002" classname="Tclsmethds"/>
  <testcase name="methdA" time="0.015" classname="Tclsmethds"/>
  <testcase name="methdB" time="0.002" classname="Tclsmethds"/>
  <testcase name="methdC" time="0.002" classname="Tclsmethds"/>
  <testcase name="methdC" time="0.003" classname="Tclsmethds"/>
</testsuite> <!-- Tclsmethds -->
