<?xml version="1.0" encoding="UTF-8"?>
<!-- Generated by org.testng.reporters.JUnitReportReporter -->
<testsuite skipped="0" hostname="DESKTOP-OO3PNTG" name="DataproviderE" tests="1" failures="0" timestamp="13 Jul 2021 12:19:52 GMT" time="0.012" errors="0">
  <testcase name="myTest" time="0.012" classname="DataproviderE"/>
</testsuite> <!-- DataproviderE -->
