<?xml version="1.0" encoding="UTF-8"?>
<!-- Generated by org.testng.reporters.JUnitReportReporter -->
<testsuite skipped="0" hostname="DESKTOP-OO3PNTG" name="SampleGroups" tests="2" failures="0" timestamp="14 Jul 2021 04:34:36 GMT" time="0.017" errors="0">
  <testcase name="third" time="0.002" classname="SampleGroups"/>
  <testcase name="first" time="0.015" classname="SampleGroups"/>
</testsuite> <!-- SampleGroups -->
