<?xml version="1.0" encoding="UTF-8"?>
<!-- Generated by org.testng.reporters.JUnitReportReporter -->
<testsuite skipped="0" hostname="DESKTOP-OO3PNTG" name="com.com.pkg.CalculatorTest" tests="2" failures="0" timestamp="13 Jul 2021 07:19:41 GMT" time="0.018" errors="0">
  <testcase name="testMul1" time="0.016" classname="com.com.pkg.CalculatorTest"/>
  <testcase name="testAdd1" time="0.002" classname="com.com.pkg.CalculatorTest"/>
</testsuite> <!-- com.com.pkg.CalculatorTest -->
