<?xml version="1.0" encoding="UTF-8"?>
<!-- Generated by org.testng.reporters.JUnitReportReporter -->
<testsuite skipped="0" hostname="DESKTOP-OO3PNTG" name="TClassng" tests="1" failures="0" timestamp="13 Jul 2021 13:14:11 GMT" time="0.012" errors="0">
  <testcase name="editUser" time="0.012" classname="TClassng"/>
</testsuite> <!-- TClassng -->
